<?xml version="1.0" encoding="UTF-8"?>
<testsuite xmlns:xsi="http://www.w3.org/2001/XMLSchema-instance" xsi:noNamespaceSchemaLocation="https://maven.apache.org/surefire/maven-surefire-plugin/xsd/surefire-test-report-3.0.xsd" version="3.0" name="lab_2.calculator.context.ExecutionContextTest" time="0.036" tests="14" errors="0" skipped="0" failures="0">
  <properties>
    <property name="java.specification.version" value="23"/>
    <property name="sun.jnu.encoding" value="UTF-8"/>
    <property name="java.class.path" value="/Users/andrewf1amex/Programming/oop_java/lab_2/target/test-classes:/Users/andrewf1amex/Programming/oop_java/lab_2/target/classes:/Users/andrewf1amex/.m2/repository/org/apache/logging/log4j/log4j-core/2.17.1/log4j-core-2.17.1.jar:/Users/andrewf1amex/.m2/repository/org/apache/logging/log4j/log4j-api/2.17.1/log4j-api-2.17.1.jar:/Users/andrewf1amex/.m2/repository/org/junit/jupiter/junit-jupiter-api/5.8.1/junit-jupiter-api-5.8.1.jar:/Users/andrewf1amex/.m2/repository/org/opentest4j/opentest4j/1.2.0/opentest4j-1.2.0.jar:/Users/andrewf1amex/.m2/repository/org/junit/platform/junit-platform-commons/1.8.1/junit-platform-commons-1.8.1.jar:/Users/andrewf1amex/.m2/repository/org/apiguardian/apiguardian-api/1.1.2/apiguardian-api-1.1.2.jar:/Users/andrewf1amex/.m2/repository/org/junit/jupiter/junit-jupiter-engine/5.8.1/junit-jupiter-engine-5.8.1.jar:/Users/andrewf1amex/.m2/repository/org/junit/platform/junit-platform-engine/1.8.1/junit-platform-engine-1.8.1.jar:"/>
    <property name="java.vm.vendor" value="Homebrew"/>
    <property name="sun.arch.data.model" value="64"/>
    <property name="java.vendor.url" value="https://github.com/Homebrew/homebrew-core/issues"/>
    <property name="os.name" value="Mac OS X"/>
    <property name="java.vm.specification.version" value="23"/>
    <property name="sun.java.launcher" value="SUN_STANDARD"/>
    <property name="user.country" value="US"/>
    <property name="sun.boot.library.path" value="/opt/homebrew/Cellar/openjdk/23.0.2/libexec/openjdk.jdk/Contents/Home/lib"/>
    <property name="sun.java.command" value="/Users/andrewf1amex/Programming/oop_java/lab_2/target/surefire/surefirebooter-20250215135518450_3.jar /Users/andrewf1amex/Programming/oop_java/lab_2/target/surefire 2025-02-15T13-55-18_412-jvmRun1 surefire-20250215135518450_1tmp surefire_0-20250215135518450_2tmp"/>
    <property name="jdk.debug" value="release"/>
    <property name="surefire.test.class.path" value="/Users/andrewf1amex/Programming/oop_java/lab_2/target/test-classes:/Users/andrewf1amex/Programming/oop_java/lab_2/target/classes:/Users/andrewf1amex/.m2/repository/org/apache/logging/log4j/log4j-core/2.17.1/log4j-core-2.17.1.jar:/Users/andrewf1amex/.m2/repository/org/apache/logging/log4j/log4j-api/2.17.1/log4j-api-2.17.1.jar:/Users/andrewf1amex/.m2/repository/org/junit/jupiter/junit-jupiter-api/5.8.1/junit-jupiter-api-5.8.1.jar:/Users/andrewf1amex/.m2/repository/org/opentest4j/opentest4j/1.2.0/opentest4j-1.2.0.jar:/Users/andrewf1amex/.m2/repository/org/junit/platform/junit-platform-commons/1.8.1/junit-platform-commons-1.8.1.jar:/Users/andrewf1amex/.m2/repository/org/apiguardian/apiguardian-api/1.1.2/apiguardian-api-1.1.2.jar:/Users/andrewf1amex/.m2/repository/org/junit/jupiter/junit-jupiter-engine/5.8.1/junit-jupiter-engine-5.8.1.jar:/Users/andrewf1amex/.m2/repository/org/junit/platform/junit-platform-engine/1.8.1/junit-platform-engine-1.8.1.jar:"/>
    <property name="sun.cpu.endian" value="little"/>
    <property name="user.home" value="/Users/andrewf1amex"/>
    <property name="user.language" value="en"/>
    <property name="java.specification.vendor" value="Oracle Corporation"/>
    <property name="java.version.date" value="2025-01-21"/>
    <property name="java.home" value="/opt/homebrew/Cellar/openjdk/23.0.2/libexec/openjdk.jdk/Contents/Home"/>
    <property name="file.separator" value="/"/>
    <property name="basedir" value="/Users/andrewf1amex/Programming/oop_java/lab_2"/>
    <property name="java.vm.compressedOopsMode" value="Zero based"/>
    <property name="line.separator" value="&#10;"/>
    <property name="java.specification.name" value="Java Platform API Specification"/>
    <property name="java.vm.specification.vendor" value="Oracle Corporation"/>
    <property name="apple.awt.application.name" value="ForkedBooter"/>
    <property name="surefire.real.class.path" value="/Users/andrewf1amex/Programming/oop_java/lab_2/target/surefire/surefirebooter-20250215135518450_3.jar"/>
    <property name="sun.management.compiler" value="HotSpot 64-Bit Tiered Compilers"/>
    <property name="java.runtime.version" value="23.0.2"/>
    <property name="user.name" value="andrewf1amex"/>
    <property name="stdout.encoding" value="UTF-8"/>
    <property name="path.separator" value=":"/>
    <property name="os.version" value="15.3"/>
    <property name="java.runtime.name" value="OpenJDK Runtime Environment"/>
    <property name="file.encoding" value="UTF-8"/>
    <property name="java.vm.name" value="OpenJDK 64-Bit Server VM"/>
    <property name="java.vendor.version" value="Homebrew"/>
    <property name="localRepository" value="/Users/andrewf1amex/.m2/repository"/>
    <property name="java.vendor.url.bug" value="https://github.com/Homebrew/homebrew-core/issues"/>
    <property name="java.io.tmpdir" value="/var/folders/2t/hqc5fcbd6931nt_0wxntlmyr0000gn/T/"/>
    <property name="java.version" value="23.0.2"/>
    <property name="user.dir" value="/Users/andrewf1amex/Programming/oop_java/lab_2"/>
    <property name="os.arch" value="aarch64"/>
    <property name="java.vm.specification.name" value="Java Virtual Machine Specification"/>
    <property name="native.encoding" value="UTF-8"/>
    <property name="java.library.path" value="/Users/andrewf1amex/Library/Java/Extensions:/Library/Java/Extensions:/Network/Library/Java/Extensions:/System/Library/Java/Extensions:/usr/lib/java:."/>
    <property name="java.vm.info" value="mixed mode, sharing"/>
    <property name="stderr.encoding" value="UTF-8"/>
    <property name="java.vendor" value="Homebrew"/>
    <property name="java.vm.version" value="23.0.2"/>
    <property name="sun.io.unicode.encoding" value="UnicodeBig"/>
    <property name="java.class.version" value="67.0"/>
  </properties>
  <testcase name="testGetUndefinedVariableThrowsException" classname="lab_2.calculator.context.ExecutionContextTest" time="0.015"/>
  <testcase name="testStackSize" classname="lab_2.calculator.context.ExecutionContextTest" time="0.001"/>
  <testcase name="testDefineAndRetrieveVariable" classname="lab_2.calculator.context.ExecutionContextTest" time="0.001"/>
  <testcase name="testUpdateVariable" classname="lab_2.calculator.context.ExecutionContextTest" time="0.001"/>
  <testcase name="testClearStack" classname="lab_2.calculator.context.ExecutionContextTest" time="0.001"/>
  <testcase name="testDefineVariableWithNumbers" classname="lab_2.calculator.context.ExecutionContextTest" time="0.001"/>
  <testcase name="testPopFromEmptyStackThrowsException" classname="lab_2.calculator.context.ExecutionContextTest" time="0.001"/>
  <testcase name="testGetTopFromEmptyStackThrowsException" classname="lab_2.calculator.context.ExecutionContextTest" time="0.001"/>
  <testcase name="testMultipleVariables" classname="lab_2.calculator.context.ExecutionContextTest" time="0.0"/>
  <testcase name="testPushAndPop" classname="lab_2.calculator.context.ExecutionContextTest" time="0.0"/>
  <testcase name="testHasVariable" classname="lab_2.calculator.context.ExecutionContextTest" time="0.0"/>
  <testcase name="testDefineVariableWithSpecialCharacters" classname="lab_2.calculator.context.ExecutionContextTest" time="0.0"/>
  <testcase name="testGetTop" classname="lab_2.calculator.context.ExecutionContextTest" time="0.0"/>
  <testcase name="testClearVariables" classname="lab_2.calculator.context.ExecutionContextTest" time="0.001"/>
</testsuite>